   3 36 31 0
   3 36 32 0
   2 36 33 0
   2 36 34 0
   3 36 35 0
   3 36 36 0
   2 36 37 0
   2 36 38 0
   2 36 39 0
   2 36 40 0
   3 37 1 0
   3 37 2 0
   3 37 3 0
   3 37 4 0
   3 37 5 0
   3 37 6 0
   3 37 7 0
   4 37 8 0
   3 37 9 0
   2 37 10 0
   2 37 11 0
   4 37 12 0
   3 37 13 0
   4 37 14 0
   2 37 15 0
   3 37 16 0
   2 37 17 0
   2 37 18 0
   3 37 19 0
   3 37 20 0
   4 37 21 0
   2 37 22 0
   2 37 23 0
   4 37 24 0
   2 37 25 0
   3 37 26 0
   3 37 27 0
   2 37 28 0
   3 37 29 0
   3 37 30 0
   3 37 31 0
   3 37 32 0
   2 37 33 0
   2 37 34 0
   3 37 35 0
   3 37 36 0
   2 37 37 0
   2 37 38 0
   3 37 39 0
   2 37 40 0
   3 38 1 0
   3 38 2 0
   3 38 3 0
   3 38 4 0
   3 38 5 0
   3 38 6 0
   3 38 7 0
   3 38 8 0
   3 38 9 0
   2 38 10 0
   2 38 11 0
   3 38 12 0
   2 38 13 0
   3 38 14 0
   2 38 15 0
   3 38 16 0
   2 38 17 0
   2 38 18 0
   3 38 19 0
   3 38 20 0
   3 38 21 0
   2 38 22 0
   2 38 23 0
   3 38 24 0
   2 38 25 0
   4 38 26 0
   2 38 27 0
   2 38 28 0
   3 38 29 0
   3 38 30 0
   3 38 31 0
   3 38 32 0
   2 38 33 0
   2 38 34 0
   4 38 35 0
   3 38 36 0
   2 38 37 0
   2 38 38 0
   2 38 39 0
   2 38 40 0
   3 39 1 0
   3 39 2 0
   3 39 3 0
   3 39 4 0
   3 39 5 0
   3 39 6 0
   4 39 7 0
   3 39 8 0
   3 39 9 0
   2 39 10 0
   2 39 11 0
   4 39 12 0
   2 39 13 0
   4 39 14 0
   2 39 15 0
   3 39 16 0
   2 39 17 0
   2 39 18 0
   3 39 19 0
   3 39 20 0
   3 39 21 0
   2 39 22 0
   2 39 23 0
   3 39 24 0
   2 39 25 0
   3 39 26 0
   3 39 27 0
   2 39 28 0
   3 39 29 0
   4 39 30 0
   3 39 31 0
   3 39 32 0
   2 39 33 0
   2 39 34 0
   3 39 35 0
   4 39 36 0
   3 39 37 0
   3 39 38 0
   2 39 39 0
   2 39 40 0
   3 40 1 0
   3 40 2 0
   3 40 3 0
   3 40 4 0
   3 40 5 0
   3 40 6 0
   3 40 7 0
   3 40 8 0
   3 40 9 0
   2 40 10 0
   2 40 11 0
   4 40 12 0
   2 40 13 0
   3 40 14 0
   2 40 15 0
   3 40 16 0
   2 40 17 0
   2 40 18 0
   3 40 19 0
   3 40 20 0
   3 40 21 0
   2 40 22 0
   2 40 23 0
   3 40 24 0
   2 40 25 0
   3 40 26 0
   3 40 27 0
   2 40 28 0
   3 40 29 0
   3 40 30 0
   3 40 31 0
   3 40 32 0
   2 40 33 0
   2 40 34 0
   4 40 35 0
   3 40 36 0
   2 40 37 0
   2 40 38 0
   2 40 39 0
   2 40 40 0
   3 41 1 0
   4 41 2 0
   3 41 3 0
   3 41 4 0
   3 41 5 0
   3 41 6 0
   3 41 7 0
   3 41 8 0
   3 41 9 0
   2 41 10 0
   2 41 11 0
   3 41 12 0
   2 41 13 0
   4 41 14 0
   2 41 15 0
   3 41 16 0
   2 41 17 0
   3 41 18 0
   3 41 19 0
   3 41 20 0
   3 41 21 0
   2 41 22 0
   2 41 23 0
   4 41 24 0
   2 41 25 0
   3 41 26 0
   3 41 27 0
   2 41 28 0
   3 41 29 0
   3 41 30 0
   4 41 31 0
   3 41 32 0
   2 41 33 0
   2 41 34 0
   3 41 35 0
   3 41 36 0
   2 41 37 0
   2 41 38 0
   2 41 39 0
   2 41 40 0
   3 42 1 0
   3 42 2 0
   3 42 3 0
   3 42 4 0
   3 42 5 0
   3 42 6 0
   3 42 7 0
   3 42 8 0
   3 42 9 0
   2 42 10 0
   2 42 11 0
   3 42 12 0
   2 42 13 0
   3 42 14 0
   2 42 15 0
   3 42 16 0
   2 42 17 0
   2 42 18 0
   3 42 19 0
   3 42 20 0
   3 42 21 0
   2 42 22 0
   2 42 23 0
   3 42 24 0
   2 42 25 0
   3 42 26 0
   2 42 27 0
   2 42 28 0
   3 42 29 0
   3 42 30 0
   3 42 31 0
   3 42 32 0
   2 42 33 0
   2 42 34 0
   3 42 35 0
   3 42 36 0
   2 42 37 0
   2 42 38 0
   2 42 39 0
   2 42 40 0
irene@dhcp-130-58-97-110:[~/itang1@swat/PSYC_180/limerick1_workspace/data/eyedry/edited_originals]$awk -F"," '$1~/^[1-9]/ && $4!=0 {print $2,$3,$4}' firstPassIXS_edited.csv | sort -k1,1n -k2,2n| uniq -c | more 
   1 1 1 match_tap
   1 1 2 clash_tap
   1 1 3 match_this
   1 1 4 clash_this
   1 1 5 match_tap
   1 1 6 clash_tap
   1 1 7 match_this
   1 1 8 clash_this
   1 1 9 match_tap
   1 1 10 clash_this
   1 1 11 match_tap
   1 1 12 clash_this
   1 1 13 match_this
   1 1 14 clash_tap
   1 1 15 match_tap
   1 1 16 clash_this
   1 1 17 match_this
   1 1 18 clash_this
   1 1 19 match_this
   1 1 20 clash_this
   1 1 21 match_tap
   1 1 22 clash_this
   1 1 23 match_tap
   1 1 24 clash_this
   1 1 25 match_this
   1 1 26 clash_tap
   1 1 27 match_tap
   1 1 28 clash_tap
   1 1 29 match_tap
   1 1 30 clash_tap
   1 1 31 match_this
   1 1 32 clash_this
   1 1 33 match_this
   1 1 34 clash_this
   1 1 35 match_this
   1 1 36 clash_this
   1 1 37 match_this
   1 1 38 clash_this
   1 1 39 match_tap
   1 1 40 clash_tap
   1 2 1 clash_tap
   1 2 2 match_tap
   1 2 3 clash_this
   1 2 4 match_this
   1 2 5 clash_tap
   1 2 6 match_tap
   1 2 7 clash_this
   1 2 9 clash_tap
   1 2 10 match_tap
   1 2 11 clash_this
   1 2 12 match_this
   1 2 14 match_tap
   1 2 16 match_this
   1 2 17 clash_tap
   1 2 18 match_tap
   1 2 19 clash_this
   1 2 20 match_this
   1 2 21 clash_tap
   1 2 22 match_tap
   1 2 23 clash_this
   1 2 24 match_this
   1 2 25 clash_tap
   1 2 26 match_tap
   1 2 27 clash_this
   1 2 28 match_this
   1 2 29 clash_tap
   1 2 30 match_tap
   1 2 31 clash_this
   1 2 32 match_this
   1 2 33 clash_tap
   1 2 34 match_tap
   1 2 35 clash_this
   1 2 36 match_this
   1 2 37 clash_tap
   1 2 38 match_tap
   1 2 39 clash_this
   1 2 40 match_this
   1 3 1 match_this
   1 3 2 clash_this
   1 3 3 match_tap
   1 3 4 clash_tap
   1 3 5 match_this
   1 3 6 clash_this
   1 3 7 match_tap
   1 3 8 clash_tap
   1 3 9 match_this
   1 3 10 clash_this
   1 3 11 match_tap
   1 3 13 match_this
   1 3 14 clash_this
   1 3 15 match_tap
   1 3 16 clash_tap
   1 3 17 match_this
   1 3 18 clash_this
   1 3 19 match_tap
   1 3 20 clash_tap
   1 3 21 match_this
   1 3 22 clash_this
   1 3 23 match_tap
   1 3 24 clash_tap
   1 3 25 match_this
   1 3 26 clash_this
   1 3 27 match_tap
   1 3 28 clash_tap
   1 3 29 match_this
   1 3 30 clash_this
   1 3 31 match_tap
   1 3 32 clash_tap
   1 3 33 match_this
   1 3 34 clash_this
   1 3 35 match_tap
   1 3 36 clash_tap
   1 3 37 match_this
   1 3 38 clash_this
   1 3 39 match_tap
   1 3 40 clash_tap
   1 4 1 clash_this
   1 4 2 match_this
   1 4 3 clash_tap
   1 4 4 match_tap
   1 4 5 clash_this
   1 4 6 match_this
   1 4 7 clash_tap
   1 4 8 match_tap
   1 4 9 clash_this
   1 4 10 match_this
   1 4 11 clash_tap
   1 4 12 match_tap
   1 4 13 clash_this
   1 4 14 match_this
   1 4 15 clash_tap
   1 4 16 match_tap
   1 4 17 clash_this
   1 4 18 match_this
   1 4 19 clash_tap
   1 4 20 match_tap
   1 4 21 clash_this
   1 4 22 match_this
   1 4 23 clash_tap
   1 4 24 match_tap
   1 4 25 clash_this
   1 4 26 match_this
   1 4 27 clash_tap
   1 4 28 match_tap
   1 4 29 clash_this
   1 4 30 match_this
   1 4 31 clash_tap
   1 4 33 clash_this
   1 4 34 match_this
   1 4 35 clash_tap
   1 4 36 match_tap
   1 4 37 clash_this
   1 4 38 match_this
   1 4 39 clash_tap
   1 4 40 match_tap
   1 5 1 match_tap
   1 5 2 clash_tap
   1 5 3 match_this
   1 5 4 clash_this
   1 5 5 match_tap
   1 5 6 clash_tap
   1 5 7 match_this
   1 5 9 match_tap
   1 5 11 match_tap
   1 5 12 clash_this
   1 5 13 match_this
   1 5 14 clash_tap
   1 5 15 match_tap
   1 5 16 clash_this
   1 5 17 match_this
   1 5 18 clash_this
   1 5 19 match_this
   1 5 20 clash_this
   1 5 21 match_tap
   1 5 22 clash_this
   1 5 23 match_tap
   1 5 24 clash_this
   1 5 25 match_this
   1 5 26 clash_tap
   1 5 27 match_tap
   1 5 28 clash_tap
   1 5 29 match_tap
   1 5 30 clash_tap
   1 5 31 match_this
   1 5 32 clash_this
   1 5 33 match_this
   1 5 34 clash_this
   1 5 35 match_this
   1 5 36 clash_this
   1 5 37 match_this
   1 5 38 clash_this
   1 5 39 match_tap
   1 5 40 clash_tap
   1 6 1 clash_tap
   1 6 2 match_tap
   1 6 3 clash_this
   1 6 4 match_this
   1 6 5 clash_tap
   1 6 6 match_tap
   1 6 7 clash_this
   1 6 9 clash_tap
   1 6 10 match_tap
   1 6 11 clash_this
   1 6 12 match_this
   1 6 13 clash_tap
   1 6 14 match_tap
   1 6 15 clash_this
   1 6 16 match_this
   1 6 17 clash_tap
   1 6 19 clash_this
   1 6 20 match_this
   1 6 21 clash_tap
   1 6 22 match_tap
   1 6 25 clash_tap
   1 6 26 match_tap
   1 6 28 match_this
   1 6 29 clash_tap
   1 6 30 match_tap
   1 6 31 clash_this
   1 6 32 match_this
   1 6 34 match_tap
   1 6 35 clash_this
   1 6 36 match_this
   1 6 37 clash_tap
   1 6 38 match_tap
   1 6 40 match_this
   1 7 1 match_this
   1 7 2 clash_this
   1 7 3 match_tap
   1 7 4 clash_tap
   1 7 5 match_this
   1 7 6 clash_this
   1 7 7 match_tap
   1 7 8 clash_tap
   1 7 9 match_this
   1 7 10 clash_this
   1 7 11 match_tap
   1 7 12 clash_tap
   1 7 13 match_this
   1 7 14 clash_this
   1 7 15 match_tap
   1 7 16 clash_tap
   1 7 17 match_this
   1 7 18 clash_this
   1 7 19 match_tap
   1 7 21 match_this
   1 7 22 clash_this
   1 7 23 match_tap
   1 7 24 clash_tap
   1 7 25 match_this
   1 7 26 clash_this
   1 7 28 clash_tap
   1 7 30 clash_this
   1 7 31 match_tap
   1 7 32 clash_tap
   1 7 33 match_this
   1 7 34 clash_this
   1 7 35 match_tap
   1 7 36 clash_tap
   1 7 37 match_this
   1 7 38 clash_this
   1 7 40 clash_tap
   1 8 1 clash_this
   1 8 2 match_this
   1 8 3 clash_tap
   1 8 4 match_tap
   1 8 5 clash_this
   1 8 7 clash_tap
   1 8 8 match_tap
   1 8 9 clash_this
   1 8 10 match_this
   1 8 11 clash_tap
   1 8 12 match_tap
   1 8 13 clash_this
   1 8 15 clash_tap
   1 8 17 clash_this
   1 8 18 match_this
   1 8 19 clash_tap
   1 8 20 match_tap
   1 8 21 clash_this
   1 8 22 match_this
   1 8 24 match_tap
   1 8 25 clash_this
   1 8 26 match_this
   1 8 27 clash_tap
   1 8 28 match_tap
   1 8 29 clash_this
   1 8 30 match_this
   1 8 31 clash_tap
   1 8 32 match_tap
   1 8 33 clash_this
   1 8 34 match_this
   1 8 35 clash_tap
   1 8 36 match_tap
   1 8 37 clash_this
   1 8 38 match_this
   1 8 39 clash_tap
   1 8 40 match_tap
   1 9 1 match_tap
   1 9 2 clash_tap
   1 9 3 match_this
   1 9 4 clash_this
   1 9 5 match_tap
   1 9 6 clash_tap
   1 9 7 match_this
   1 9 8 clash_this
   1 9 9 match_tap
   1 9 10 clash_this
   1 9 11 match_tap
   1 9 12 clash_this
   1 9 14 clash_tap
   1 9 15 match_tap
   1 9 16 clash_this
   1 9 17 match_this
   1 9 18 clash_this
   1 9 19 match_this
   1 9 20 clash_this
   1 9 21 match_tap
   1 9 22 clash_this
   1 9 23 match_tap
   1 9 24 clash_this
   1 9 25 match_this
   1 9 26 clash_tap
   1 9 27 match_tap
   1 9 28 clash_tap
   1 9 29 match_tap
   1 9 30 clash_tap
   1 9 31 match_this
   1 9 32 clash_this
   1 9 34 clash_this
   1 9 35 match_this
   1 9 36 clash_this
   1 9 37 match_this
   1 9 38 clash_this
   1 9 39 match_tap
   1 9 40 clash_tap
   1 10 1 clash_tap
   1 10 2 match_tap
   1 10 3 clash_this
   1 10 4 match_this
   1 10 5 clash_tap
   1 10 6 match_tap
   1 10 7 clash_this
   1 10 8 match_this
   1 10 9 clash_tap
   1 10 10 match_tap
   1 10 11 clash_this
   1 10 12 match_this
   1 10 13 clash_tap
   1 10 14 match_tap
   1 10 15 clash_this
   1 10 16 match_this
   1 10 17 clash_tap
   1 10 18 match_tap
   1 10 19 clash_this
   1 10 20 match_this
   1 10 21 clash_tap
   1 10 22 match_tap
   1 10 23 clash_this
   1 10 24 match_this
   1 10 25 clash_tap
   1 10 26 match_tap
   1 10 28 match_this
   1 10 29 clash_tap
   1 10 30 match_tap
   1 10 31 clash_this
   1 10 32 match_this
   1 10 33 clash_tap
   1 10 34 match_tap
   1 10 35 clash_this
   1 10 36 match_this
   1 10 37 clash_tap
   1 10 38 match_tap
   1 10 39 clash_this
   1 10 40 match_this
   1 11 1 match_tap
   1 11 2 clash_tap
   1 11 3 match_this
   1 11 4 clash_this
   1 11 5 match_tap
   1 11 6 clash_tap
   1 11 7 match_this
   1 11 8 clash_this
   1 11 9 match_tap
   1 11 10 clash_this
   1 11 11 match_tap
   1 11 12 clash_this
   1 11 13 match_this
   1 11 14 clash_tap
   1 11 15 match_tap
   1 11 16 clash_this
   1 11 17 match_this
   1 11 18 clash_this
   1 11 19 match_this
   1 11 20 clash_this
   1 11 21 match_tap
   1 11 22 clash_this
   1 11 23 match_tap
   1 11 24 clash_this
   1 11 25 match_this
   1 11 26 clash_tap
   1 11 28 clash_tap
   1 11 29 match_tap
   1 11 31 match_this
   1 11 32 clash_this
   1 11 33 match_this
   1 11 34 clash_this
   1 11 35 match_this
   1 11 36 clash_this
   1 11 37 match_this
   1 11 38 clash_this
   1 11 39 match_tap
   1 11 40 clash_tap
   1 12 1 clash_tap
   1 12 2 match_tap
   1 12 3 clash_this
   1 12 4 match_this
   1 12 5 clash_tap
   1 12 6 match_tap
   1 12 7 clash_this
   1 12 8 match_this
   1 12 9 clash_tap
   1 12 10 match_tap
   1 12 11 clash_this
   1 12 12 match_this
   1 12 13 clash_tap
   1 12 14 match_tap
   1 12 15 clash_this
   1 12 16 match_this
   1 12 17 clash_tap
   1 12 18 match_tap
   1 12 19 clash_this
   1 12 20 match_this
   1 12 21 clash_tap
   1 12 22 match_tap
   1 12 23 clash_this
   1 12 24 match_this
   1 12 25 clash_tap
   1 12 26 match_tap
   1 12 27 clash_this
   1 12 28 match_this
   1 12 29 clash_tap
   1 12 30 match_tap
   1 12 31 clash_this
   1 12 32 match_this
   1 12 33 clash_tap
   1 12 34 match_tap
   1 12 35 clash_this
   1 12 36 match_this
   1 12 37 clash_tap
   1 12 38 match_tap
   1 12 39 clash_this
   1 12 40 match_this
   1 13 1 match_this
   1 13 2 clash_this
   1 13 3 match_tap
   1 13 4 clash_tap
   1 13 5 match_this
   1 13 6 clash_this
   1 13 7 match_tap
   1 13 8 clash_tap
   1 13 9 match_this
   1 13 10 clash_this
   1 13 11 match_tap
   1 13 12 clash_tap
   1 13 13 match_this
   1 13 15 match_tap
   1 13 16 clash_tap
   1 13 17 match_this
   1 13 18 clash_this
   1 13 19 match_tap
   1 13 20 clash_tap
   1 13 22 clash_this
   1 13 23 match_tap
   1 13 24 clash_tap
   1 13 26 clash_this
   1 13 27 match_tap
   1 13 28 clash_tap
   1 13 29 match_this
   1 13 30 clash_this
   1 13 31 match_tap
   1 13 32 clash_tap
   1 13 33 match_this
   1 13 34 clash_this
   1 13 35 match_tap
   1 13 36 clash_tap
   1 13 37 match_this
   1 13 38 clash_this
   1 13 39 match_tap
   1 13 40 clash_tap
   1 14 1 clash_this
   1 14 2 match_this
   1 14 3 clash_tap
   1 14 4 match_tap
   1 14 5 clash_this
   1 14 6 match_this
   1 14 7 clash_tap
   1 14 8 match_tap
   1 14 9 clash_this
   1 14 10 match_this
   1 14 11 clash_tap
   1 14 12 match_tap
   1 14 13 clash_this
   1 14 14 match_this
   1 14 15 clash_tap
   1 14 16 match_tap
   1 14 17 clash_this
   1 14 18 match_this
   1 14 19 clash_tap
   1 14 20 match_tap
   1 14 21 clash_this
   1 14 22 match_this
   1 14 23 clash_tap
   1 14 24 match_tap
   1 14 25 clash_this
   1 14 26 match_this
   1 14 27 clash_tap
   1 14 28 match_tap
   1 14 29 clash_this
   1 14 30 match_this
   1 14 31 clash_tap
   1 14 32 match_tap
   1 14 33 clash_this
   1 14 34 match_this
   1 14 35 clash_tap
   1 14 36 match_tap
   1 14 37 clash_this
   1 14 38 match_this
   1 14 39 clash_tap
   1 14 40 match_tap
   1 15 1 clash_tap
   1 15 2 match_tap
   1 15 3 clash_this
   1 15 4 match_this
   1 15 5 clash_tap
   1 15 6 match_tap
   1 15 7 clash_this
   1 15 8 match_this
   1 15 9 clash_tap
   1 15 10 match_tap
   1 15 11 clash_this
   1 15 12 match_this
   1 15 13 clash_tap
   1 15 14 match_tap
   1 15 15 clash_this
   1 15 16 match_this
   1 15 17 clash_tap
   1 15 18 match_tap
   1 15 19 clash_this
   1 15 20 match_this
   1 15 21 clash_tap
   1 15 22 match_tap
   1 15 23 clash_this
   1 15 24 match_this
   1 15 25 clash_tap
   1 15 26 match_tap
   1 15 27 clash_this
   1 15 28 match_this
   1 15 29 clash_tap
   1 15 30 match_tap
   1 15 31 clash_this
   1 15 32 match_this
   1 15 33 clash_tap
   1 15 34 match_tap
   1 15 35 clash_this
   1 15 36 match_this
   1 15 37 clash_tap
   1 15 38 match_tap
   1 15 39 clash_this
   1 15 40 match_this
   1 16 1 match_this
   1 16 2 clash_this
   1 16 3 match_tap
   1 16 4 clash_tap
   1 16 5 match_this
   1 16 6 clash_this
   1 16 7 match_tap
   1 16 8 clash_tap
   1 16 9 match_this
   1 16 10 clash_this
   1 16 11 match_tap
   1 16 12 clash_tap
   1 16 13 match_this
   1 16 14 clash_this
   1 16 15 match_tap
   1 16 16 clash_tap
   1 16 17 match_this
   1 16 18 clash_this
   1 16 19 match_tap
   1 16 20 clash_tap
   1 16 21 match_this
   1 16 22 clash_this
   1 16 23 match_tap
   1 16 24 clash_tap
   1 16 25 match_this
   1 16 26 clash_this
   1 16 27 match_tap
   1 16 28 clash_tap
   1 16 29 match_this
   1 16 30 clash_this
irene@dhcp-130-58-97-110:[~/itang1@swat/PSYC_180/limerick1_workspace/data/eyedry/edited_originals]$awk -F"," '$1~/^[1-9]/ && $4!=0 {print $2,$4}' firstPassIXS_edited.csv | sort -k1,1n -k2,2n| uniq -c | more 
   7 1 clash_tap
  13 1 clash_this
  10 1 match_tap
  10 1 match_this
   9 2 clash_tap
   9 2 clash_this
  10 2 match_tap
   9 2 match_this
   9 3 clash_tap
  10 3 clash_this
  10 3 match_tap
  10 3 match_this
  10 4 clash_tap
  10 4 clash_this
   9 4 match_tap
  10 4 match_this
   7 5 clash_tap
  11 5 clash_this
  10 5 match_tap
  10 5 match_this
   9 6 clash_tap
   7 6 clash_this
   9 6 match_tap
   8 6 match_this
   9 7 clash_tap
  10 7 clash_this
   8 7 match_tap
   9 7 match_this
   9 8 clash_tap
  10 8 clash_this
   9 8 match_tap
   8 8 match_this
   7 9 clash_tap
  13 9 clash_this
  10 9 match_tap
   8 9 match_this
  10 10 clash_tap
   9 10 clash_this
  10 10 match_tap
  10 10 match_this
   6 11 clash_tap
  13 11 clash_this
   9 11 match_tap
  10 11 match_this
  10 12 clash_tap
  10 12 clash_this
  10 12 match_tap
  10 12 match_this
  10 13 clash_tap
   9 13 clash_this
  10 13 match_tap
   8 13 match_this
  10 14 clash_tap
  10 14 clash_this
  10 14 match_tap
  10 14 match_this
  10 15 clash_tap
  10 15 clash_this
  10 15 match_tap
  10 15 match_this
  10 16 clash_tap
   9 16 clash_this
  10 16 match_tap
  10 16 match_this
  10 17 clash_tap
   9 17 clash_this
  10 17 match_tap
  10 17 match_this
   7 18 clash_tap
  12 18 clash_this
   7 18 match_tap
  10 18 match_this
   9 19 clash_tap
  10 19 clash_this
  10 19 match_tap
  10 19 match_this
   9 20 clash_tap
   8 20 clash_this
   9 20 match_tap
  10 20 match_this
   9 21 clash_tap
  10 21 clash_this
  10 21 match_tap
  10 21 match_this
   7 22 clash_tap
  13 22 clash_this
  10 22 match_tap
  10 22 match_this
   9 23 clash_tap
  10 23 clash_this
  10 23 match_tap
   8 23 match_this
  10 24 clash_tap
  10 24 clash_this
  10 24 match_tap
  10 24 match_this
   7 25 clash_tap
  11 25 clash_this
  10 25 match_tap
   9 25 match_this
  10 26 clash_tap
  10 26 clash_this
  10 26 match_tap
  10 26 match_this
  10 27 clash_tap
   8 27 clash_this
   9 27 match_tap
   7 27 match_this
  10 28 clash_tap
   9 28 clash_this
  10 28 match_tap
  10 28 match_this
   7 29 clash_tap
  13 29 clash_this
  10 29 match_tap
  10 29 match_this
   9 30 clash_tap
  10 30 clash_this
   9 30 match_tap
   9 30 match_this
   8 31 clash_tap
   9 31 clash_this
  10 31 match_tap
  10 31 match_this
   9 32 clash_tap
   9 32 clash_this
  10 32 match_tap
  10 32 match_this
   7 33 clash_tap
  12 33 clash_this
   8 33 match_tap
  10 33 match_this
  10 34 clash_tap
  10 34 clash_this
  10 34 match_tap
  10 34 match_this
  10 35 clash_tap
  10 35 clash_this
   8 35 match_tap
   8 35 match_this
   9 36 clash_tap
  10 36 clash_this
  10 36 match_tap
   9 36 match_this
   7 37 clash_tap
   9 37 clash_this
   8 37 match_tap
   8 37 match_this
   9 38 clash_tap
  10 38 clash_this
  10 38 match_tap
   9 38 match_this
   5 39 clash_tap
  10 39 clash_this
   9 39 match_tap
   8 39 match_this
   9 40 clash_tap
  10 40 clash_this
   8 40 match_tap
  10 40 match_this
   5 41 clash_tap
  11 41 clash_this
   9 41 match_tap
   9 41 match_this
  10 42 clash_tap
  10 42 clash_this
  10 42 match_tap
  10 42 match_this
irene@dhcp-130-58-97-110:[~/itang1@swat/PSYC_180/limerick1_workspace/data/eyedry/edited_originals]$script screen.log
Script started, output file is screen.log
irene@dhcp-130-58-97-110:[~/itang1@swat/PSYC_180/limerick1_workspace/data/eyedry/edited_originals]$
irene@dhcp-130-58-97-110:[~/itang1@swat/PSYC_180/limerick1_workspace/data/eyedry/edited_originals]$