../data/robodoc/da1_files/subj13_processed_fa.da1
../data/robodoc/da1_files/f181082_processed_fa.da1
../data/robodoc/da1_files/f181064_processed_fa.da1
../data/robodoc/da1_files/f181051_processed_fa.da1
../data/robodoc/da1_files/f181089_processed_fa.da1
../data/robodoc/da1_files/f181055_processed_fa.da1
../data/robodoc/da1_files/f181074_processed_fa.da1
../data/robodoc/da1_files/f181086_processed_fa.da1
../data/robodoc/da1_files/f181065_processed_fa.da1
../data/robodoc/da1_files/f181083_processed_fa.da1
../data/robodoc/da1_files/subj12_processed_fa.da1
../data/robodoc/da1_files/subject1_processed_fa.da1
../data/robodoc/da1_files/f181088_processed_fa.da1
../data/robodoc/da1_files/f181075_processed_fa.da1
../data/robodoc/da1_files/f181087b_processed_fa.da1
../data/robodoc/da1_files/f181050_all_processed_fa.da1
../data/robodoc/da1_files/f181054_processed_fa.da1
../data/robodoc/da1_files/subj16_processed_fa.da1
../data/robodoc/da1_files/f181061_processed_fa.da1
../data/robodoc/da1_files/f181053_processed_fa.da1
../data/robodoc/da1_files/f181072_processed_fa.da1
../data/robodoc/da1_files/f181066_processed_fa.da1
../data/robodoc/da1_files/f181080_processed_fa.da1
../data/robodoc/da1_files/f181060t_processed_fa.da1
../data/robodoc/da1_files/subj11_processed_fa.da1
../data/robodoc/da1_files/f181079_processed_fa.da1
../data/robodoc/da1_files/f181062_processed_fa.da1
../data/robodoc/da1_files/f181084_processed_fa.da1
../data/robodoc/da1_files/f181090_processed_fa.da1
../data/robodoc/da1_files/f181076_processed_fa.da1
../data/robodoc/da1_files/f181069_processed_fa.da1
../data/robodoc/da1_files/f181057_processed_fa.da1
../data/robodoc/da1_files/f181071b_processed_fa.da1
../data/robodoc/da1_files/f181073_processed_fa.da1
../data/robodoc/da1_files/f181052_processed_fa.da1
../data/robodoc/da1_files/f181078_processed_fa.da1
../data/robodoc/da1_files/subj10_processed_fa.da1
../data/robodoc/da1_files/f181068b_processed_fa.da1
../data/robodoc/da1_files/f181081_processed_fa.da1
../data/robodoc/da1_files/f181059_processed_fa.da1
../data/robodoc/da1_files/f181067_processed_fa.da1
../data/robodoc/da1_files/f181070b_processed_fa.da1
../data/robodoc/da1_files/f181063_processed_fa.da1
../data/robodoc/da1_files/subj14_processed_fa.da1
../data/robodoc/da1_files/subject7_processed_fa.da1
../data/robodoc/da1_files/f181056_processed_fa.da1
../data/robodoc/da1_files/f181077_processed_fa.da1
